2018-06-13 04:22:31 - You select: ../../Pcaps/tor/
2018-06-13 04:22:31 - Out folder: ../../CSV/Scenario-C/
2018-06-13 04:25:03 - You select: ../../Pcaps/tor/CHAT_aimchatgateway.pcap
2018-06-13 04:25:03 - Out folder: ../../CSV/Scenario-C/
2018-06-13 04:25:03 - CICFlowMeter received 1 pcap file
2018-06-13 04:50:10 - You select: ../../realtime.pcap
2018-06-13 04:50:10 - Out folder: rr
2018-06-13 04:50:11 - CICFlowMeter received 1 pcap file
2018-06-13 04:53:22 - You select: ../../realtime.pcap
2018-06-13 04:53:22 - Out folder: realtime.csv
2018-06-13 04:53:22 - CICFlowMeter received 1 pcap file
2018-06-13 04:54:25 - You select: ../../realtime.pcap
2018-06-13 04:54:25 - Out folder: ../../CSV/
2018-06-13 04:54:25 - CICFlowMeter received 1 pcap file
2018-06-13 04:54:52 - You select: ../../realtime.pcap
2018-06-13 04:54:52 - Out folder: ../../CSV/
2018-06-13 04:54:52 - CICFlowMeter received 1 pcap file
2018-06-13 04:56:09 - You select: ../../realtime.pcap
2018-06-13 04:56:09 - Out folder: ../../CSV/
2018-06-13 04:56:10 - CICFlowMeter received 1 pcap file
2018-06-13 04:58:29 - You select: ../../Pcaps/tor/CHAT_aimchatgateway.pcap
2018-06-13 04:58:29 - Out folder: ../../CSV/
2018-06-13 04:58:29 - CICFlowMeter received 1 pcap file
2018-06-13 05:00:19 - You select: ../../realtime.pcap
2018-06-13 05:00:19 - Out folder: ../../CSV/
2018-06-13 05:00:20 - CICFlowMeter received 1 pcap file
2018-06-13 05:04:50 - The pcap file or folder does not exist! -> Pcaps/tor/
2018-06-13 05:07:13 - You select: ../../Pcaps/tor/
2018-06-13 05:07:13 - Out folder: ../../CSV/Scenario-C/
2018-06-13 05:08:43 - You select: ../../Pcaps/tor/
2018-06-13 05:08:43 - Out folder: ../../CSV/Scenario-C/
2018-06-13 05:10:17 - You select: ../../realtime.pcap
2018-06-13 05:10:17 - Out folder: ../../CSV/Scenario-C/
2018-06-13 05:10:17 - CICFlowMeter received 1 pcap file
2018-06-13 05:10:30 - You select: ../../realtime.pcap
2018-06-13 05:10:30 - Out folder: ../../CSV/Scenario-C/
2018-06-13 05:10:30 - CICFlowMeter received 1 pcap file
2018-06-13 05:11:03 - You select: ../../realtime.pcap
2018-06-13 05:11:03 - Out folder: ../../CSV/Scenario-C/
2018-06-13 05:11:04 - CICFlowMeter received 1 pcap file
2018-06-13 13:44:04 - You select: ../../realtime.pcap
2018-06-13 13:44:04 - Out folder: ../../CSV/Scenario-C/
2018-06-13 13:44:04 - CICFlowMeter received 1 pcap file
2018-06-13 13:44:20 - You select: ../../realtime.pcap
2018-06-13 13:44:20 - Out folder: ../../CSV/Scenario-C/
2018-06-13 13:44:20 - CICFlowMeter received 1 pcap file
2018-06-13 13:44:29 - You select: ../../realtime.pcap
2018-06-13 13:44:29 - Out folder: ../../CSV/Scenario-C/
2018-06-13 13:44:29 - CICFlowMeter received 1 pcap file
2018-06-13 13:51:57 - You select: ../../realtime.pcap
2018-06-13 13:51:57 - Out folder: ../../CSV/Scenario-C/
2018-06-13 13:51:57 - CICFlowMeter received 1 pcap file
2018-06-13 13:52:35 - You select: ../../realtime.pcap
2018-06-13 13:52:35 - Out folder: ../../CSV/Scenario-C/
2018-06-13 13:52:35 - CICFlowMeter received 1 pcap file
2018-06-13 13:52:42 - You select: ../../realtime.pcap
2018-06-13 13:52:42 - Out folder: ../../CSV/Scenario-C/
2018-06-13 13:52:42 - CICFlowMeter received 1 pcap file
2018-06-13 13:53:01 - You select: ../../realtime.pcap
2018-06-13 13:53:01 - Out folder: ../../CSV/Scenario-C/
2018-06-13 13:53:02 - CICFlowMeter received 1 pcap file
2018-06-13 13:53:26 - You select: ../../realtime.pcap
2018-06-13 13:53:26 - Out folder: ../../CSV/Scenario-C/
2018-06-13 13:53:26 - CICFlowMeter received 1 pcap file
2018-06-13 14:05:20 - You select: ../../realtime.pcap
2018-06-13 14:05:20 - Out folder: ../../CSV/Scenario-C/
2018-06-13 14:05:21 - CICFlowMeter received 1 pcap file
2018-06-13 14:07:19 - You select: ../../realtime.pcap
2018-06-13 14:07:19 - Out folder: ../../CSV/Scenario-C/
2018-06-13 14:07:19 - CICFlowMeter received 1 pcap file
2018-06-13 14:09:53 - You select: ../../realtime.pcap
2018-06-13 14:09:53 - Out folder: ../../CSV/Scenario-C/
2018-06-13 14:09:53 - CICFlowMeter received 1 pcap file
2018-06-13 14:10:48 - You select: ../../realtime.pcap
2018-06-13 14:10:48 - Out folder: ../../CSV/Scenario-C/
2018-06-13 14:10:48 - CICFlowMeter received 1 pcap file
2018-06-13 14:11:22 - You select: ../../realtime.pcap
2018-06-13 14:11:22 - Out folder: ../../CSV/Scenario-C/
2018-06-13 14:11:23 - CICFlowMeter received 1 pcap file
2018-06-13 14:12:05 - You select: ../../realtime.pcap
2018-06-13 14:12:05 - Out folder: ../../CSV/Scenario-C/
2018-06-13 14:12:05 - CICFlowMeter received 1 pcap file
2018-06-13 14:12:34 - You select: ../../realtime.pcap
2018-06-13 14:12:34 - Out folder: ../../CSV/Scenario-C/
2018-06-13 14:12:34 - CICFlowMeter received 1 pcap file
2018-06-13 14:25:31 - You select: ../../realtime.pcap
2018-06-13 14:25:31 - Out folder: ../../CSV/Scenario-C/
2018-06-13 14:25:31 - CICFlowMeter received 1 pcap file
2018-06-13 14:25:59 - You select: ../../realtime.pcap
2018-06-13 14:25:59 - Out folder: ../../CSV/Scenario-C/
2018-06-13 14:25:59 - CICFlowMeter received 1 pcap file
2018-06-13 15:08:35 - You select: ../../realtime.pcap
2018-06-13 15:08:35 - Out folder: ../../CSV/Scenario-C/
2018-06-13 15:08:35 - CICFlowMeter received 1 pcap file
2018-06-13 15:14:03 - You select: ../../realtime.pcap
2018-06-13 15:14:03 - Out folder: ../../CSV/Scenario-C/
2018-06-13 15:14:04 - CICFlowMeter received 1 pcap file
